Arguments: 
  /usr/local/bin/node /usr/local/bin/yarn install

PATH: 
  /usr/local/bin:/usr/bin:/bin:/usr/sbin:/sbin

Yarn version: 
  1.22.19

Node version: 
  18.16.0

Platform: 
  darwin arm64

Trace: 
  Error: EACCES: permission denied, unlink '/Users/bertosantos/Desktop/MEGSI - ESI/ASID/node_modules/yarn/preinstall.js'

npm manifest: 
  {
    "dependencies": {
      "react-router": "^6.11.2",
      "react-router-dom": "^6.11.2",
      "yarn": "^1.22.19"
    }
  }

yarn manifest: 
  No manifest

Lockfile: 
  No lockfile
